Build started 9/24/2015 3:38:40 PM.
     1>Project "c:\Users\Owner\Documents\Visual Studio 2010\Projects\S-STEM-Rogue-like\S-STEM-Rogue-like\S-STEM-Rogue-like.vcxproj" on node 2 (build target(s)).
     1>InitializeBuildStatus:
         Touching "Debug\S-STEM-Rogue-like.unsuccessfulbuild".
       ClCompile:
         C:\Program Files (x86)\Microsoft Visual Studio 10.0\VC\bin\CL.exe /c /I"C:\Users\Owner\Documents\C++ Libraries\SFML-2.3.2\include" /ZI /nologo /W3 /WX- /Od /Oy- /D WIN32 /D _DEBUG /D _WINDOWS /D _UNICODE /D UNICODE /Gm /EHsc /RTC1 /MDd /GS /fp:precise /Zc:wchar_t /Zc:forScope /Fo"Debug\\" /Fd"Debug\vc100.pdb" /Gd /TP /analyze- /errorReport:prompt Game.cpp
         Game.cpp
       ManifestResourceCompile:
         C:\Program Files (x86)\Microsoft SDKs\Windows\v7.0A\bin\rc.exe /nologo /fo"Debug\S-STEM-Rogue-like.exe.embed.manifest.res" Debug\S-STEM-Rogue-like_manifest.rc 
       Link:
         C:\Program Files (x86)\Microsoft Visual Studio 10.0\VC\bin\link.exe /ERRORREPORT:PROMPT /OUT:"c:\Users\Owner\Documents\Visual Studio 2010\Projects\S-STEM-Rogue-like\Debug\S-STEM-Rogue-like.exe" /INCREMENTAL /NOLOGO /LIBPATH:"C:\Users\Owner\Documents\C++ Libraries\SFML-2.3.2\lib" "sfml-audio-d.lib" "sfml-graphics-d.lib" "sfml-system-d.lib" "sfml-window-d.lib" kernel32.lib user32.lib gdi32.lib winspool.lib comdlg32.lib advapi32.lib shell32.lib ole32.lib oleaut32.lib uuid.lib odbc32.lib odbccp32.lib /MANIFEST /ManifestFile:"Debug\S-STEM-Rogue-like.exe.intermediate.manifest" /MANIFESTUAC:"level='asInvoker' uiAccess='false'" /DEBUG /PDB:"c:\Users\Owner\Documents\Visual Studio 2010\Projects\S-STEM-Rogue-like\Debug\S-STEM-Rogue-like.pdb" /SUBSYSTEM:WINDOWS /TLBID:1 /ENTRY:"main" /DYNAMICBASE /NXCOMPAT /IMPLIB:"c:\Users\Owner\Documents\Visual Studio 2010\Projects\S-STEM-Rogue-like\Debug\S-STEM-Rogue-like.lib" /MACHINE:X86 "Debug\S-STEM-Rogue-like.exe.embed.manifest.res"
         Debug\Game.obj
       Manifest:
         C:\Program Files (x86)\Microsoft SDKs\Windows\v7.0A\bin\mt.exe /nologo /verbose /out:"Debug\S-STEM-Rogue-like.exe.embed.manifest" /manifest "Debug\S-STEM-Rogue-like.exe.intermediate.manifest"
         C:\Program Files (x86)\Microsoft SDKs\Windows\v7.0A\bin\rc.exe /nologo /fo"Debug\S-STEM-Rogue-like.exe.embed.manifest.res" Debug\S-STEM-Rogue-like_manifest.rc 
       LinkEmbedManifest:
         C:\Program Files (x86)\Microsoft Visual Studio 10.0\VC\bin\link.exe /ERRORREPORT:PROMPT /OUT:"c:\Users\Owner\Documents\Visual Studio 2010\Projects\S-STEM-Rogue-like\Debug\S-STEM-Rogue-like.exe" /INCREMENTAL /NOLOGO /LIBPATH:"C:\Users\Owner\Documents\C++ Libraries\SFML-2.3.2\lib" "sfml-audio-d.lib" "sfml-graphics-d.lib" "sfml-system-d.lib" "sfml-window-d.lib" kernel32.lib user32.lib gdi32.lib winspool.lib comdlg32.lib advapi32.lib shell32.lib ole32.lib oleaut32.lib uuid.lib odbc32.lib odbccp32.lib /MANIFEST /ManifestFile:"Debug\S-STEM-Rogue-like.exe.intermediate.manifest" /MANIFESTUAC:"level='asInvoker' uiAccess='false'" /DEBUG /PDB:"c:\Users\Owner\Documents\Visual Studio 2010\Projects\S-STEM-Rogue-like\Debug\S-STEM-Rogue-like.pdb" /SUBSYSTEM:WINDOWS /TLBID:1 /ENTRY:"main" /DYNAMICBASE /NXCOMPAT /IMPLIB:"c:\Users\Owner\Documents\Visual Studio 2010\Projects\S-STEM-Rogue-like\Debug\S-STEM-Rogue-like.lib" /MACHINE:X86 "Debug\S-STEM-Rogue-like.exe.embed.manifest.res"
         Debug\Game.obj
         S-STEM-Rogue-like.vcxproj -> c:\Users\Owner\Documents\Visual Studio 2010\Projects\S-STEM-Rogue-like\Debug\S-STEM-Rogue-like.exe
       FinalizeBuildStatus:
         Deleting file "Debug\S-STEM-Rogue-like.unsuccessfulbuild".
         Touching "Debug\S-STEM-Rogue-like.lastbuildstate".
     1>Done Building Project "c:\Users\Owner\Documents\Visual Studio 2010\Projects\S-STEM-Rogue-like\S-STEM-Rogue-like\S-STEM-Rogue-like.vcxproj" (build target(s)).

Build succeeded.

Time Elapsed 00:00:05.73
